2023-04-07 09:53:58,997 - root - ERROR - Traceback (most recent call last):
  File "/home/dbsgh3322/airflow/dags/crawling_estates.py", line 218, in get_for_sale
    for_sale = json.loads(r.text)
  File "/usr/lib/python3.10/json/__init__.py", line 346, in loads
    return _default_decoder.decode(s)
  File "/usr/lib/python3.10/json/decoder.py", line 337, in decode
    obj, end = self.raw_decode(s, idx=_w(s, 0).end())
  File "/usr/lib/python3.10/json/decoder.py", line 355, in raw_decode
    raise JSONDecodeError("Expecting value", s, err.value) from None
json.decoder.JSONDecodeError: Expecting value: line 1 column 1 (char 0)
_get_for_sale
2023-04-07 09:54:30,850 - root - ERROR - Traceback (most recent call last):
  File "/home/dbsgh3322/airflow/dags/crawling_estates.py", line 218, in get_for_sale
    for_sale = json.loads(r.text)
  File "/usr/lib/python3.10/json/__init__.py", line 346, in loads
    return _default_decoder.decode(s)
  File "/usr/lib/python3.10/json/decoder.py", line 337, in decode
    obj, end = self.raw_decode(s, idx=_w(s, 0).end())
  File "/usr/lib/python3.10/json/decoder.py", line 355, in raw_decode
    raise JSONDecodeError("Expecting value", s, err.value) from None
json.decoder.JSONDecodeError: Expecting value: line 1 column 1 (char 0)
_get_for_sale
2023-04-07 09:54:30,850 - root - ERROR - Traceback (most recent call last):
  File "/home/dbsgh3322/airflow/dags/crawling_estates.py", line 218, in get_for_sale
    for_sale = json.loads(r.text)
  File "/usr/lib/python3.10/json/__init__.py", line 346, in loads
    return _default_decoder.decode(s)
  File "/usr/lib/python3.10/json/decoder.py", line 337, in decode
    obj, end = self.raw_decode(s, idx=_w(s, 0).end())
  File "/usr/lib/python3.10/json/decoder.py", line 355, in raw_decode
    raise JSONDecodeError("Expecting value", s, err.value) from None
json.decoder.JSONDecodeError: Expecting value: line 1 column 1 (char 0)
_get_for_sale
2023-04-07 10:03:10,208 - root - ERROR - Traceback (most recent call last):
  File "/home/dbsgh3322/airflow/dags/crawling_estates.py", line 219, in get_for_sale
    for_sale = json.loads(r.text)
  File "/usr/lib/python3.10/json/__init__.py", line 346, in loads
    return _default_decoder.decode(s)
  File "/usr/lib/python3.10/json/decoder.py", line 337, in decode
    obj, end = self.raw_decode(s, idx=_w(s, 0).end())
  File "/usr/lib/python3.10/json/decoder.py", line 355, in raw_decode
    raise JSONDecodeError("Expecting value", s, err.value) from None
json.decoder.JSONDecodeError: Expecting value: line 1 column 1 (char 0)
_get_for_sale
2023-04-07 10:06:14,335 - root - ERROR - Traceback (most recent call last):
  File "/home/dbsgh3322/airflow/dags/crawling_estates.py", line 218, in get_for_sale
    for_sale = json.loads(r.text)
  File "/usr/lib/python3.10/json/__init__.py", line 346, in loads
    return _default_decoder.decode(s)
  File "/usr/lib/python3.10/json/decoder.py", line 337, in decode
    obj, end = self.raw_decode(s, idx=_w(s, 0).end())
  File "/usr/lib/python3.10/json/decoder.py", line 355, in raw_decode
    raise JSONDecodeError("Expecting value", s, err.value) from None
json.decoder.JSONDecodeError: Expecting value: line 1 column 1 (char 0)
_get_for_sale
2023-04-07 10:12:14,256 - root - ERROR - Traceback (most recent call last):
  File "/home/dbsgh3322/airflow/dags/crawling_estates.py", line 219, in get_for_sale
    for_sale = json.loads(r.text)
  File "/usr/lib/python3.10/json/__init__.py", line 346, in loads
    return _default_decoder.decode(s)
  File "/usr/lib/python3.10/json/decoder.py", line 337, in decode
    obj, end = self.raw_decode(s, idx=_w(s, 0).end())
  File "/usr/lib/python3.10/json/decoder.py", line 355, in raw_decode
    raise JSONDecodeError("Expecting value", s, err.value) from None
json.decoder.JSONDecodeError: Expecting value: line 1 column 1 (char 0)
_get_for_sale
2023-04-07 10:13:33,123 - root - ERROR - Traceback (most recent call last):
  File "/home/dbsgh3322/airflow/dags/crawling_estates.py", line 219, in get_for_sale
    for_sale = json.loads(r.text)
  File "/usr/lib/python3.10/json/__init__.py", line 346, in loads
    return _default_decoder.decode(s)
  File "/usr/lib/python3.10/json/decoder.py", line 337, in decode
    obj, end = self.raw_decode(s, idx=_w(s, 0).end())
  File "/usr/lib/python3.10/json/decoder.py", line 355, in raw_decode
    raise JSONDecodeError("Expecting value", s, err.value) from None
json.decoder.JSONDecodeError: Expecting value: line 1 column 1 (char 0)
_get_for_sale
